[10:13:26] [ServerMain/INFO]: Building unoptimized datafixer
[10:13:28] [ServerMain/INFO]: Environment: authHost='https://authserver.mojang.com', accountsHost='https://api.mojang.com', sessionHost='https://sessionserver.mojang.com', servicesHost='https://api.minecraftservices.com', name='PROD'
[10:13:30] [ServerMain/INFO]: Loaded 7 recipes
[10:13:30] [ServerMain/INFO]: Loaded 1179 advancements
[10:13:32] [Server thread/INFO]: Starting minecraft server version 1.19.2
[10:13:32] [Server thread/INFO]: Loading properties
[10:13:32] [Server thread/INFO]: Default game type: SURVIVAL
[10:13:32] [Server thread/INFO]: Generating keypair
[10:13:32] [Server thread/INFO]: Starting Minecraft server on *:25565
[10:13:32] [Server thread/INFO]: Using epoll channel type
[10:13:32] [Server thread/INFO]: Preparing level "world"
[10:13:43] [Server thread/INFO]: Preparing start region for dimension minecraft:overworld
[10:13:50] [Worker-Main-1/INFO]: Preparing spawn area: 0%
[10:13:50] [Worker-Main-1/INFO]: Preparing spawn area: 0%
[10:13:50] [Worker-Main-1/INFO]: Preparing spawn area: 0%
[10:13:50] [Worker-Main-1/INFO]: Preparing spawn area: 0%
[10:13:50] [Worker-Main-1/INFO]: Preparing spawn area: 0%
[10:13:50] [Worker-Main-1/INFO]: Preparing spawn area: 0%
[10:13:50] [Worker-Main-1/INFO]: Preparing spawn area: 0%
[10:13:50] [Worker-Main-1/INFO]: Preparing spawn area: 0%
[10:13:50] [Worker-Main-1/INFO]: Preparing spawn area: 0%
[10:13:50] [Worker-Main-1/INFO]: Preparing spawn area: 0%
[10:13:50] [Worker-Main-1/INFO]: Preparing spawn area: 0%
[10:13:50] [Worker-Main-1/INFO]: Preparing spawn area: 0%
[10:13:50] [Worker-Main-1/INFO]: Preparing spawn area: 0%
[10:13:50] [Worker-Main-1/INFO]: Preparing spawn area: 0%
[10:13:50] [Worker-Main-1/INFO]: Preparing spawn area: 0%
[10:13:50] [Worker-Main-1/INFO]: Preparing spawn area: 0%
[10:13:51] [Worker-Main-1/INFO]: Preparing spawn area: 0%
[10:13:51] [Worker-Main-1/INFO]: Preparing spawn area: 0%
[10:13:52] [Worker-Main-1/INFO]: Preparing spawn area: 72%
[10:13:52] [Server thread/INFO]: Time elapsed: 9247 ms
[10:13:52] [Server thread/INFO]: Done (19.938s)! For help, type "help"
[10:14:11] [Server thread/INFO]: Stopping the server
[10:14:11] [Server thread/INFO]: Stopping server
[10:14:11] [Server thread/INFO]: Saving players
[10:14:11] [Server thread/INFO]: Saving worlds
[10:14:13] [Server thread/INFO]: Saving chunks for level 'ServerLevel[world]'/minecraft:overworld
[10:14:13] [Server thread/INFO]: Saving chunks for level 'ServerLevel[world]'/minecraft:the_end
[10:14:13] [Server thread/INFO]: Saving chunks for level 'ServerLevel[world]'/minecraft:the_nether
[10:14:13] [Server thread/INFO]: ThreadedAnvilChunkStorage (world): All chunks are saved
[10:14:13] [Server thread/INFO]: ThreadedAnvilChunkStorage (DIM1): All chunks are saved
[10:14:13] [Server thread/INFO]: ThreadedAnvilChunkStorage (DIM-1): All chunks are saved
[10:14:13] [Server thread/INFO]: ThreadedAnvilChunkStorage: All dimensions are saved
